<?xml version="1.0" encoding="UTF-8"?>
<testsuite xmlns:xsi="http://www.w3.org/2001/XMLSchema-instance" xsi:noNamespaceSchemaLocation="https://maven.apache.org/surefire/maven-surefire-plugin/xsd/surefire-test-report.xsd" name="HibernateTest" time="11.154" tests="2" errors="0" skipped="0" failures="0">
  <properties>
    <property name="gopherProxySet" value="false"/>
    <property name="awt.toolkit" value="sun.lwawt.macosx.LWCToolkit"/>
    <property name="file.encoding.pkg" value="sun.io"/>
    <property name="java.specification.version" value="1.8"/>
    <property name="sun.cpu.isalist" value=""/>
    <property name="sun.jnu.encoding" value="UTF-8"/>
    <property name="java.class.path" value="/Users/Stoic_Colony/Documents/GitHub/Korera/target/test-classes:/Users/Stoic_Colony/Documents/GitHub/Korera/target/classes:/Users/Stoic_Colony/Documents/API/maven/repository/org/springframework/spring-context/5.2.2.RELEASE/spring-context-5.2.2.RELEASE.jar:/Users/Stoic_Colony/Documents/API/maven/repository/org/springframework/spring-aop/5.2.2.RELEASE/spring-aop-5.2.2.RELEASE.jar:/Users/Stoic_Colony/Documents/API/maven/repository/org/springframework/spring-beans/5.2.2.RELEASE/spring-beans-5.2.2.RELEASE.jar:/Users/Stoic_Colony/Documents/API/maven/repository/org/springframework/spring-core/5.2.2.RELEASE/spring-core-5.2.2.RELEASE.jar:/Users/Stoic_Colony/Documents/API/maven/repository/org/springframework/spring-jcl/5.2.2.RELEASE/spring-jcl-5.2.2.RELEASE.jar:/Users/Stoic_Colony/Documents/API/maven/repository/org/springframework/spring-expression/5.2.2.RELEASE/spring-expression-5.2.2.RELEASE.jar:/Users/Stoic_Colony/Documents/API/maven/repository/org/springframework/spring-web/5.2.2.RELEASE/spring-web-5.2.2.RELEASE.jar:/Users/Stoic_Colony/Documents/API/maven/repository/org/springframework/spring-webmvc/5.2.2.RELEASE/spring-webmvc-5.2.2.RELEASE.jar:/Users/Stoic_Colony/Documents/API/maven/repository/org/springframework/spring-orm/5.2.2.RELEASE/spring-orm-5.2.2.RELEASE.jar:/Users/Stoic_Colony/Documents/API/maven/repository/org/springframework/spring-jdbc/5.2.2.RELEASE/spring-jdbc-5.2.2.RELEASE.jar:/Users/Stoic_Colony/Documents/API/maven/repository/org/springframework/spring-tx/5.2.2.RELEASE/spring-tx-5.2.2.RELEASE.jar:/Users/Stoic_Colony/Documents/API/maven/repository/org/springframework/data/spring-data-jpa/2.2.3.RELEASE/spring-data-jpa-2.2.3.RELEASE.jar:/Users/Stoic_Colony/Documents/API/maven/repository/org/springframework/data/spring-data-commons/2.2.3.RELEASE/spring-data-commons-2.2.3.RELEASE.jar:/Users/Stoic_Colony/Documents/API/maven/repository/org/aspectj/aspectjrt/1.9.5/aspectjrt-1.9.5.jar:/Users/Stoic_Colony/Documents/API/maven/repository/org/springframework/spring-test/5.2.2.RELEASE/spring-test-5.2.2.RELEASE.jar:/Users/Stoic_Colony/Documents/API/maven/repository/org/hibernate/hibernate-core/5.4.9.Final/hibernate-core-5.4.9.Final.jar:/Users/Stoic_Colony/Documents/API/maven/repository/org/jboss/logging/jboss-logging/3.3.2.Final/jboss-logging-3.3.2.Final.jar:/Users/Stoic_Colony/Documents/API/maven/repository/javax/persistence/javax.persistence-api/2.2/javax.persistence-api-2.2.jar:/Users/Stoic_Colony/Documents/API/maven/repository/org/javassist/javassist/3.24.0-GA/javassist-3.24.0-GA.jar:/Users/Stoic_Colony/Documents/API/maven/repository/net/bytebuddy/byte-buddy/1.10.2/byte-buddy-1.10.2.jar:/Users/Stoic_Colony/Documents/API/maven/repository/antlr/antlr/2.7.7/antlr-2.7.7.jar:/Users/Stoic_Colony/Documents/API/maven/repository/org/jboss/spec/javax/transaction/jboss-transaction-api_1.2_spec/1.1.1.Final/jboss-transaction-api_1.2_spec-1.1.1.Final.jar:/Users/Stoic_Colony/Documents/API/maven/repository/org/jboss/jandex/2.1.1.Final/jandex-2.1.1.Final.jar:/Users/Stoic_Colony/Documents/API/maven/repository/com/fasterxml/classmate/1.5.1/classmate-1.5.1.jar:/Users/Stoic_Colony/Documents/API/maven/repository/javax/activation/javax.activation-api/1.2.0/javax.activation-api-1.2.0.jar:/Users/Stoic_Colony/Documents/API/maven/repository/org/dom4j/dom4j/2.1.1/dom4j-2.1.1.jar:/Users/Stoic_Colony/Documents/API/maven/repository/org/hibernate/common/hibernate-commons-annotations/5.1.0.Final/hibernate-commons-annotations-5.1.0.Final.jar:/Users/Stoic_Colony/Documents/API/maven/repository/javax/xml/bind/jaxb-api/2.3.1/jaxb-api-2.3.1.jar:/Users/Stoic_Colony/Documents/API/maven/repository/org/glassfish/jaxb/jaxb-runtime/2.3.1/jaxb-runtime-2.3.1.jar:/Users/Stoic_Colony/Documents/API/maven/repository/org/glassfish/jaxb/txw2/2.3.1/txw2-2.3.1.jar:/Users/Stoic_Colony/Documents/API/maven/repository/com/sun/istack/istack-commons-runtime/3.0.7/istack-commons-runtime-3.0.7.jar:/Users/Stoic_Colony/Documents/API/maven/repository/org/jvnet/staxex/stax-ex/1.8/stax-ex-1.8.jar:/Users/Stoic_Colony/Documents/API/maven/repository/com/sun/xml/fastinfoset/FastInfoset/1.2.15/FastInfoset-1.2.15.jar:/Users/Stoic_Colony/Documents/API/maven/repository/org/hibernate/hibernate-entitymanager/5.4.9.Final/hibernate-entitymanager-5.4.9.Final.jar:/Users/Stoic_Colony/Documents/API/maven/repository/org/hibernate/hibernate-c3p0/5.4.9.Final/hibernate-c3p0-5.4.9.Final.jar:/Users/Stoic_Colony/Documents/API/maven/repository/com/mchange/c3p0/0.9.5.3/c3p0-0.9.5.3.jar:/Users/Stoic_Colony/Documents/API/maven/repository/com/mchange/mchange-commons-java/0.2.15/mchange-commons-java-0.2.15.jar:/Users/Stoic_Colony/Documents/API/maven/repository/javax/servlet/servlet-api/2.5/servlet-api-2.5.jar:/Users/Stoic_Colony/Documents/API/maven/repository/javax/servlet/jsp/jsp-api/2.2/jsp-api-2.2.jar:/Users/Stoic_Colony/Documents/API/maven/repository/javax/servlet/jstl/1.2/jstl-1.2.jar:/Users/Stoic_Colony/Documents/API/maven/repository/mysql/mysql-connector-java/8.0.15/mysql-connector-java-8.0.15.jar:/Users/Stoic_Colony/Documents/API/maven/repository/com/google/protobuf/protobuf-java/3.6.1/protobuf-java-3.6.1.jar:/Users/Stoic_Colony/Documents/API/maven/repository/junit/junit/4.12/junit-4.12.jar:/Users/Stoic_Colony/Documents/API/maven/repository/org/hamcrest/hamcrest-core/1.3/hamcrest-core-1.3.jar:/Users/Stoic_Colony/Documents/API/maven/repository/org/slf4j/slf4j-api/1.7.21/slf4j-api-1.7.21.jar:/Users/Stoic_Colony/Documents/API/maven/repository/ch/qos/logback/logback-core/1.1.7/logback-core-1.1.7.jar:/Users/Stoic_Colony/Documents/API/maven/repository/ch/qos/logback/logback-classic/1.1.7/logback-classic-1.1.7.jar:/Users/Stoic_Colony/Documents/API/maven/repository/com/fasterxml/jackson/core/jackson-core/2.10.1/jackson-core-2.10.1.jar:/Users/Stoic_Colony/Documents/API/maven/repository/com/fasterxml/jackson/core/jackson-databind/2.10.1/jackson-databind-2.10.1.jar:/Users/Stoic_Colony/Documents/API/maven/repository/com/fasterxml/jackson/core/jackson-annotations/2.10.1/jackson-annotations-2.10.1.jar:"/>
    <property name="java.vm.vendor" value="Oracle Corporation"/>
    <property name="sun.arch.data.model" value="64"/>
    <property name="java.vendor.url" value="http://java.oracle.com/"/>
    <property name="user.timezone" value=""/>
    <property name="user.country.format" value="CN"/>
    <property name="java.vm.specification.version" value="1.8"/>
    <property name="os.name" value="Mac OS X"/>
    <property name="user.country" value="US"/>
    <property name="sun.java.launcher" value="SUN_STANDARD"/>
    <property name="sun.boot.library.path" value="/Library/Java/JavaVirtualMachines/jdk1.8.0_131.jdk/Contents/Home/jre/lib"/>
    <property name="sun.java.command" value="/Users/Stoic_Colony/Documents/GitHub/Korera/target/surefire/surefirebooter8181297195345152401.jar /Users/Stoic_Colony/Documents/GitHub/Korera/target/surefire 2020-01-07T14-06-20_441-jvmRun1 surefire956635466295228770tmp surefire_04291116704129765107tmp"/>
    <property name="http.nonProxyHosts" value="local|*.local|169.254/16|*.169.254/16"/>
    <property name="surefire.test.class.path" value="/Users/Stoic_Colony/Documents/GitHub/Korera/target/test-classes:/Users/Stoic_Colony/Documents/GitHub/Korera/target/classes:/Users/Stoic_Colony/Documents/API/maven/repository/org/springframework/spring-context/5.2.2.RELEASE/spring-context-5.2.2.RELEASE.jar:/Users/Stoic_Colony/Documents/API/maven/repository/org/springframework/spring-aop/5.2.2.RELEASE/spring-aop-5.2.2.RELEASE.jar:/Users/Stoic_Colony/Documents/API/maven/repository/org/springframework/spring-beans/5.2.2.RELEASE/spring-beans-5.2.2.RELEASE.jar:/Users/Stoic_Colony/Documents/API/maven/repository/org/springframework/spring-core/5.2.2.RELEASE/spring-core-5.2.2.RELEASE.jar:/Users/Stoic_Colony/Documents/API/maven/repository/org/springframework/spring-jcl/5.2.2.RELEASE/spring-jcl-5.2.2.RELEASE.jar:/Users/Stoic_Colony/Documents/API/maven/repository/org/springframework/spring-expression/5.2.2.RELEASE/spring-expression-5.2.2.RELEASE.jar:/Users/Stoic_Colony/Documents/API/maven/repository/org/springframework/spring-web/5.2.2.RELEASE/spring-web-5.2.2.RELEASE.jar:/Users/Stoic_Colony/Documents/API/maven/repository/org/springframework/spring-webmvc/5.2.2.RELEASE/spring-webmvc-5.2.2.RELEASE.jar:/Users/Stoic_Colony/Documents/API/maven/repository/org/springframework/spring-orm/5.2.2.RELEASE/spring-orm-5.2.2.RELEASE.jar:/Users/Stoic_Colony/Documents/API/maven/repository/org/springframework/spring-jdbc/5.2.2.RELEASE/spring-jdbc-5.2.2.RELEASE.jar:/Users/Stoic_Colony/Documents/API/maven/repository/org/springframework/spring-tx/5.2.2.RELEASE/spring-tx-5.2.2.RELEASE.jar:/Users/Stoic_Colony/Documents/API/maven/repository/org/springframework/data/spring-data-jpa/2.2.3.RELEASE/spring-data-jpa-2.2.3.RELEASE.jar:/Users/Stoic_Colony/Documents/API/maven/repository/org/springframework/data/spring-data-commons/2.2.3.RELEASE/spring-data-commons-2.2.3.RELEASE.jar:/Users/Stoic_Colony/Documents/API/maven/repository/org/aspectj/aspectjrt/1.9.5/aspectjrt-1.9.5.jar:/Users/Stoic_Colony/Documents/API/maven/repository/org/springframework/spring-test/5.2.2.RELEASE/spring-test-5.2.2.RELEASE.jar:/Users/Stoic_Colony/Documents/API/maven/repository/org/hibernate/hibernate-core/5.4.9.Final/hibernate-core-5.4.9.Final.jar:/Users/Stoic_Colony/Documents/API/maven/repository/org/jboss/logging/jboss-logging/3.3.2.Final/jboss-logging-3.3.2.Final.jar:/Users/Stoic_Colony/Documents/API/maven/repository/javax/persistence/javax.persistence-api/2.2/javax.persistence-api-2.2.jar:/Users/Stoic_Colony/Documents/API/maven/repository/org/javassist/javassist/3.24.0-GA/javassist-3.24.0-GA.jar:/Users/Stoic_Colony/Documents/API/maven/repository/net/bytebuddy/byte-buddy/1.10.2/byte-buddy-1.10.2.jar:/Users/Stoic_Colony/Documents/API/maven/repository/antlr/antlr/2.7.7/antlr-2.7.7.jar:/Users/Stoic_Colony/Documents/API/maven/repository/org/jboss/spec/javax/transaction/jboss-transaction-api_1.2_spec/1.1.1.Final/jboss-transaction-api_1.2_spec-1.1.1.Final.jar:/Users/Stoic_Colony/Documents/API/maven/repository/org/jboss/jandex/2.1.1.Final/jandex-2.1.1.Final.jar:/Users/Stoic_Colony/Documents/API/maven/repository/com/fasterxml/classmate/1.5.1/classmate-1.5.1.jar:/Users/Stoic_Colony/Documents/API/maven/repository/javax/activation/javax.activation-api/1.2.0/javax.activation-api-1.2.0.jar:/Users/Stoic_Colony/Documents/API/maven/repository/org/dom4j/dom4j/2.1.1/dom4j-2.1.1.jar:/Users/Stoic_Colony/Documents/API/maven/repository/org/hibernate/common/hibernate-commons-annotations/5.1.0.Final/hibernate-commons-annotations-5.1.0.Final.jar:/Users/Stoic_Colony/Documents/API/maven/repository/javax/xml/bind/jaxb-api/2.3.1/jaxb-api-2.3.1.jar:/Users/Stoic_Colony/Documents/API/maven/repository/org/glassfish/jaxb/jaxb-runtime/2.3.1/jaxb-runtime-2.3.1.jar:/Users/Stoic_Colony/Documents/API/maven/repository/org/glassfish/jaxb/txw2/2.3.1/txw2-2.3.1.jar:/Users/Stoic_Colony/Documents/API/maven/repository/com/sun/istack/istack-commons-runtime/3.0.7/istack-commons-runtime-3.0.7.jar:/Users/Stoic_Colony/Documents/API/maven/repository/org/jvnet/staxex/stax-ex/1.8/stax-ex-1.8.jar:/Users/Stoic_Colony/Documents/API/maven/repository/com/sun/xml/fastinfoset/FastInfoset/1.2.15/FastInfoset-1.2.15.jar:/Users/Stoic_Colony/Documents/API/maven/repository/org/hibernate/hibernate-entitymanager/5.4.9.Final/hibernate-entitymanager-5.4.9.Final.jar:/Users/Stoic_Colony/Documents/API/maven/repository/org/hibernate/hibernate-c3p0/5.4.9.Final/hibernate-c3p0-5.4.9.Final.jar:/Users/Stoic_Colony/Documents/API/maven/repository/com/mchange/c3p0/0.9.5.3/c3p0-0.9.5.3.jar:/Users/Stoic_Colony/Documents/API/maven/repository/com/mchange/mchange-commons-java/0.2.15/mchange-commons-java-0.2.15.jar:/Users/Stoic_Colony/Documents/API/maven/repository/javax/servlet/servlet-api/2.5/servlet-api-2.5.jar:/Users/Stoic_Colony/Documents/API/maven/repository/javax/servlet/jsp/jsp-api/2.2/jsp-api-2.2.jar:/Users/Stoic_Colony/Documents/API/maven/repository/javax/servlet/jstl/1.2/jstl-1.2.jar:/Users/Stoic_Colony/Documents/API/maven/repository/mysql/mysql-connector-java/8.0.15/mysql-connector-java-8.0.15.jar:/Users/Stoic_Colony/Documents/API/maven/repository/com/google/protobuf/protobuf-java/3.6.1/protobuf-java-3.6.1.jar:/Users/Stoic_Colony/Documents/API/maven/repository/junit/junit/4.12/junit-4.12.jar:/Users/Stoic_Colony/Documents/API/maven/repository/org/hamcrest/hamcrest-core/1.3/hamcrest-core-1.3.jar:/Users/Stoic_Colony/Documents/API/maven/repository/org/slf4j/slf4j-api/1.7.21/slf4j-api-1.7.21.jar:/Users/Stoic_Colony/Documents/API/maven/repository/ch/qos/logback/logback-core/1.1.7/logback-core-1.1.7.jar:/Users/Stoic_Colony/Documents/API/maven/repository/ch/qos/logback/logback-classic/1.1.7/logback-classic-1.1.7.jar:/Users/Stoic_Colony/Documents/API/maven/repository/com/fasterxml/jackson/core/jackson-core/2.10.1/jackson-core-2.10.1.jar:/Users/Stoic_Colony/Documents/API/maven/repository/com/fasterxml/jackson/core/jackson-databind/2.10.1/jackson-databind-2.10.1.jar:/Users/Stoic_Colony/Documents/API/maven/repository/com/fasterxml/jackson/core/jackson-annotations/2.10.1/jackson-annotations-2.10.1.jar:"/>
    <property name="sun.cpu.endian" value="little"/>
    <property name="user.home" value="/Users/Stoic_Colony"/>
    <property name="user.language" value="en"/>
    <property name="java.specification.vendor" value="Oracle Corporation"/>
    <property name="java.home" value="/Library/Java/JavaVirtualMachines/jdk1.8.0_131.jdk/Contents/Home/jre"/>
    <property name="basedir" value="/Users/Stoic_Colony/Documents/GitHub/Korera"/>
    <property name="file.separator" value="/"/>
    <property name="line.separator" value="&#10;"/>
    <property name="java.vm.specification.vendor" value="Oracle Corporation"/>
    <property name="java.specification.name" value="Java Platform API Specification"/>
    <property name="java.awt.graphicsenv" value="sun.awt.CGraphicsEnvironment"/>
    <property name="surefire.real.class.path" value="/Users/Stoic_Colony/Documents/GitHub/Korera/target/surefire/surefirebooter8181297195345152401.jar"/>
    <property name="sun.boot.class.path" value="/Library/Java/JavaVirtualMachines/jdk1.8.0_131.jdk/Contents/Home/jre/lib/resources.jar:/Library/Java/JavaVirtualMachines/jdk1.8.0_131.jdk/Contents/Home/jre/lib/rt.jar:/Library/Java/JavaVirtualMachines/jdk1.8.0_131.jdk/Contents/Home/jre/lib/sunrsasign.jar:/Library/Java/JavaVirtualMachines/jdk1.8.0_131.jdk/Contents/Home/jre/lib/jsse.jar:/Library/Java/JavaVirtualMachines/jdk1.8.0_131.jdk/Contents/Home/jre/lib/jce.jar:/Library/Java/JavaVirtualMachines/jdk1.8.0_131.jdk/Contents/Home/jre/lib/charsets.jar:/Library/Java/JavaVirtualMachines/jdk1.8.0_131.jdk/Contents/Home/jre/lib/jfr.jar:/Library/Java/JavaVirtualMachines/jdk1.8.0_131.jdk/Contents/Home/jre/classes"/>
    <property name="sun.management.compiler" value="HotSpot 64-Bit Tiered Compilers"/>
    <property name="ftp.nonProxyHosts" value="local|*.local|169.254/16|*.169.254/16"/>
    <property name="java.runtime.version" value="1.8.0_131-b11"/>
    <property name="user.name" value="Stoic_Colony"/>
    <property name="path.separator" value=":"/>
    <property name="os.version" value="10.14.3"/>
    <property name="java.endorsed.dirs" value="/Library/Java/JavaVirtualMachines/jdk1.8.0_131.jdk/Contents/Home/jre/lib/endorsed"/>
    <property name="java.runtime.name" value="Java(TM) SE Runtime Environment"/>
    <property name="file.encoding" value="UTF-8"/>
    <property name="java.vm.name" value="Java HotSpot(TM) 64-Bit Server VM"/>
    <property name="localRepository" value="/Users/Stoic_Colony/Documents/API/maven/repository"/>
    <property name="java.vendor.url.bug" value="http://bugreport.sun.com/bugreport/"/>
    <property name="java.io.tmpdir" value="/var/folders/l_/1d9_1r6j3tb2wm87bdfsvz880000gn/T/"/>
    <property name="idea.version" value="2018.1.1"/>
    <property name="java.version" value="1.8.0_131"/>
    <property name="user.dir" value="/Users/Stoic_Colony/Documents/GitHub/Korera"/>
    <property name="os.arch" value="x86_64"/>
    <property name="java.vm.specification.name" value="Java Virtual Machine Specification"/>
    <property name="java.awt.printerjob" value="sun.lwawt.macosx.CPrinterJob"/>
    <property name="sun.os.patch.level" value="unknown"/>
    <property name="java.library.path" value="/Users/Stoic_Colony/Library/Java/Extensions:/Library/Java/Extensions:/Network/Library/Java/Extensions:/System/Library/Java/Extensions:/usr/lib/java:."/>
    <property name="java.vm.info" value="mixed mode"/>
    <property name="java.vendor" value="Oracle Corporation"/>
    <property name="java.vm.version" value="25.131-b11"/>
    <property name="java.ext.dirs" value="/Users/Stoic_Colony/Library/Java/Extensions:/Library/Java/JavaVirtualMachines/jdk1.8.0_131.jdk/Contents/Home/jre/lib/ext:/Library/Java/Extensions:/Network/Library/Java/Extensions:/System/Library/Java/Extensions:/usr/lib/java"/>
    <property name="sun.io.unicode.encoding" value="UnicodeBig"/>
    <property name="maven.repo.local" value="/Users/Stoic_Colony/Documents/API/maven/repository"/>
    <property name="java.class.version" value="52.0"/>
    <property name="socksNonProxyHosts" value="local|*.local|169.254/16|*.169.254/16"/>
  </properties>
  <testcase name="test" classname="HibernateTest" time="8.163"/>
  <testcase name="test2" classname="HibernateTest" time="2.99"/>
</testsuite>